1 1766766062 Sensor gateway started (port=5678, max_conn=2)
2 1766766062 Data manager thread started
3 1766766062 Storage manager thread started
4 1766766062 Connection manager thread started
5 1766766062 A new data.csv file has been created
6 1766766094 Sensor node 101 has opened a new connection
7 1766766094 Data insertion from sensor 101 succeeded
8 1766766095 Data insertion from sensor 101 succeeded
9 1766766096 Data insertion from sensor 101 succeeded
10 1766766097 Data insertion from sensor 101 succeeded
11 1766766098 Data insertion from sensor 101 succeeded
12 1766766099 Data insertion from sensor 101 succeeded
13 1766766100 Data insertion from sensor 101 succeeded
14 1766766101 Data insertion from sensor 101 succeeded
15 1766766102 Data insertion from sensor 101 succeeded
16 1766766103 Data insertion from sensor 101 succeeded
17 1766766103 Sensor node 202 has opened a new connection
18 1766766103 Data insertion from sensor 202 succeeded
19 1766766104 Data insertion from sensor 101 succeeded
20 1766766104 Data insertion from sensor 202 succeeded
21 1766766105 Data insertion from sensor 101 succeeded
22 1766766105 Data insertion from sensor 202 succeeded
23 1766766106 Data insertion from sensor 101 succeeded
24 1766766106 Data insertion from sensor 202 succeeded
25 1766766107 Data insertion from sensor 101 succeeded
26 1766766107 Data insertion from sensor 202 succeeded
27 1766766107 Sensor node 202 reports it’s too hot (avg temp = 20.037)
28 1766766108 Data insertion from sensor 101 succeeded
29 1766766108 Data insertion from sensor 202 succeeded
30 1766766109 Data insertion from sensor 101 succeeded
31 1766766109 Data insertion from sensor 202 succeeded
32 1766766110 Data insertion from sensor 101 succeeded
33 1766766110 Data insertion from sensor 202 succeeded
34 1766766111 Data insertion from sensor 101 succeeded
35 1766766111 Data insertion from sensor 202 succeeded
36 1766766112 Data insertion from sensor 101 succeeded
37 1766766112 Data insertion from sensor 202 succeeded
38 1766766112 Sensor node 202 reports it’s too hot (avg temp = 20.0497)
39 1766766113 Data insertion from sensor 101 succeeded
40 1766766113 Data insertion from sensor 202 succeeded
41 1766766114 Data insertion from sensor 101 succeeded
42 1766766114 Data insertion from sensor 202 succeeded
43 1766766115 Data insertion from sensor 101 succeeded
44 1766766115 Data insertion from sensor 202 succeeded
45 1766766116 Data insertion from sensor 101 succeeded
46 1766766116 Sensor node 101 reports it’s too hot (avg temp = 20.0285)
47 1766766116 Data insertion from sensor 202 succeeded
48 1766766117 Data insertion from sensor 101 succeeded
49 1766766117 Data insertion from sensor 202 succeeded
50 1766766118 Data insertion from sensor 101 succeeded
51 1766766118 Data insertion from sensor 202 succeeded
52 1766766119 Data insertion from sensor 101 succeeded
53 1766766119 Data insertion from sensor 202 succeeded
54 1766766120 Data insertion from sensor 101 succeeded
55 1766766120 Data insertion from sensor 202 succeeded
56 1766766121 Data insertion from sensor 101 succeeded
57 1766766121 Data insertion from sensor 202 succeeded
58 1766766122 Data insertion from sensor 101 succeeded
59 1766766122 Data insertion from sensor 202 succeeded
60 1766766123 Data insertion from sensor 101 succeeded
61 1766766123 Data insertion from sensor 202 succeeded
62 1766766124 Data insertion from sensor 101 succeeded
63 1766766124 Data insertion from sensor 202 succeeded
64 1766766125 Data insertion from sensor 101 succeeded
65 1766766125 Data insertion from sensor 202 succeeded
66 1766766126 Data insertion from sensor 101 succeeded
67 1766766126 Data insertion from sensor 202 succeeded
68 1766766127 Data insertion from sensor 101 succeeded
69 1766766127 Data insertion from sensor 202 succeeded
70 1766766127 Sensor node 303 has opened a new connection
71 1766766127 Data insertion from sensor 303 succeeded
72 1766766128 Data insertion from sensor 101 succeeded
73 1766766128 Data insertion from sensor 202 succeeded
74 1766766129 Data insertion from sensor 101 succeeded
75 1766766129 Data insertion from sensor 202 succeeded
76 1766766130 Sensor node 101 has closed the connection
77 1766766130 Data insertion from sensor 202 succeeded
78 1766766131 Data insertion from sensor 202 succeeded
79 1766766132 Data insertion from sensor 202 succeeded
80 1766766132 Sensor node 202 reports it’s too hot (avg temp = 20.0733)
81 1766766132 Sensor node 303 time out
82 1766766132 Sensor node 303 has closed the connection
83 1766766133 Data insertion from sensor 202 succeeded
84 1766766134 Data insertion from sensor 202 succeeded
85 1766766135 Data insertion from sensor 202 succeeded
86 1766766136 Data insertion from sensor 202 succeeded
87 1766766137 Data insertion from sensor 202 succeeded
88 1766766138 Data insertion from sensor 202 succeeded
89 1766766139 Data insertion from sensor 202 succeeded
90 1766766140 Data insertion from sensor 202 succeeded
91 1766766141 Data insertion from sensor 202 succeeded
92 1766766142 Data insertion from sensor 202 succeeded
93 1766766143 Data insertion from sensor 202 succeeded
94 1766766144 Data insertion from sensor 202 succeeded
95 1766766145 Data insertion from sensor 202 succeeded
96 1766766146 Data insertion from sensor 202 succeeded
97 1766766147 Data insertion from sensor 202 succeeded
98 1766766148 Data insertion from sensor 202 succeeded
99 1766766149 Data insertion from sensor 202 succeeded
100 1766766150 Data insertion from sensor 202 succeeded
101 1766766151 Data insertion from sensor 202 succeeded
102 1766766152 Data insertion from sensor 202 succeeded
103 1766766153 Data insertion from sensor 202 succeeded
104 1766766154 Data insertion from sensor 202 succeeded
105 1766766155 Data insertion from sensor 202 succeeded
106 1766766156 Data insertion from sensor 202 succeeded
107 1766766157 Data insertion from sensor 202 succeeded
108 1766766158 Data insertion from sensor 202 succeeded
109 1766766159 Data insertion from sensor 202 succeeded
110 1766766160 Data insertion from sensor 202 succeeded
111 1766766161 Data insertion from sensor 202 succeeded
112 1766766162 Data insertion from sensor 202 succeeded
113 1766766163 Data insertion from sensor 202 succeeded
114 1766766164 Data insertion from sensor 202 succeeded
115 1766766165 Data insertion from sensor 202 succeeded
116 1766766166 Data insertion from sensor 202 succeeded
117 1766766166 Sensor node 202 has closed the connection
118 1766766166 Data manager stopped
119 1766766166 The data.csv file has been closed
120 1766766166 Sensor gateway shutting down
